<?xml version="1.0" encoding="UTF-8"?>
<testsuite xmlns:xsi="http://www.w3.org/2001/XMLSchema-instance" xsi:noNamespaceSchemaLocation="https://maven.apache.org/surefire/maven-surefire-plugin/xsd/surefire-test-report.xsd" name="testRunner.Runner" time="59.865" tests="20" errors="1" skipped="0" failures="2">
  <properties>
    <property name="java.specification.version" value="19"/>
    <property name="sun.jnu.encoding" value="UTF-8"/>
    <property name="java.class.path" value="/Users/evaldez/Documents/TestAutomation/Java/testing/target/test-classes:/Users/evaldez/Documents/TestAutomation/Java/testing/target/classes:/Users/evaldez/.m2/repository/io/cucumber/cucumber-core/7.11.0/cucumber-core-7.11.0.jar:/Users/evaldez/.m2/repository/io/cucumber/cucumber-gherkin/7.11.0/cucumber-gherkin-7.11.0.jar:/Users/evaldez/.m2/repository/io/cucumber/cucumber-gherkin-messages/7.11.0/cucumber-gherkin-messages-7.11.0.jar:/Users/evaldez/.m2/repository/io/cucumber/messages/21.0.1/messages-21.0.1.jar:/Users/evaldez/.m2/repository/io/cucumber/tag-expressions/5.0.1/tag-expressions-5.0.1.jar:/Users/evaldez/.m2/repository/io/cucumber/cucumber-expressions/16.1.1/cucumber-expressions-16.1.1.jar:/Users/evaldez/.m2/repository/io/cucumber/datatable/7.11.0/datatable-7.11.0.jar:/Users/evaldez/.m2/repository/io/cucumber/cucumber-plugin/7.11.0/cucumber-plugin-7.11.0.jar:/Users/evaldez/.m2/repository/io/cucumber/docstring/7.11.0/docstring-7.11.0.jar:/Users/evaldez/.m2/repository/io/cucumber/html-formatter/20.2.1/html-formatter-20.2.1.jar:/Users/evaldez/.m2/repository/io/cucumber/junit-xml-formatter/0.1.0/junit-xml-formatter-0.1.0.jar:/Users/evaldez/.m2/repository/io/cucumber/ci-environment/9.1.0/ci-environment-9.1.0.jar:/Users/evaldez/.m2/repository/org/apiguardian/apiguardian-api/1.1.2/apiguardian-api-1.1.2.jar:/Users/evaldez/.m2/repository/io/cucumber/cucumber-html/0.2.7/cucumber-html-0.2.7.jar:/Users/evaldez/.m2/repository/org/jacoco/jacoco-maven-plugin/0.8.8/jacoco-maven-plugin-0.8.8.jar:/Users/evaldez/.m2/repository/org/codehaus/plexus/plexus-utils/3.0.22/plexus-utils-3.0.22.jar:/Users/evaldez/.m2/repository/org/apache/maven/shared/file-management/1.2.1/file-management-1.2.1.jar:/Users/evaldez/.m2/repository/org/apache/maven/maven-plugin-api/2.0.6/maven-plugin-api-2.0.6.jar:/Users/evaldez/.m2/repository/org/apache/maven/shared/maven-shared-io/1.1/maven-shared-io-1.1.jar:/Users/evaldez/.m2/repository/org/apache/maven/maven-artifact/2.0.2/maven-artifact-2.0.2.jar:/Users/evaldez/.m2/repository/org/apache/maven/maven-artifact-manager/2.0.2/maven-artifact-manager-2.0.2.jar:/Users/evaldez/.m2/repository/org/apache/maven/maven-repository-metadata/2.0.2/maven-repository-metadata-2.0.2.jar:/Users/evaldez/.m2/repository/org/apache/maven/wagon/wagon-provider-api/1.0-alpha-6/wagon-provider-api-1.0-alpha-6.jar:/Users/evaldez/.m2/repository/org/codehaus/plexus/plexus-container-default/1.0-alpha-9/plexus-container-default-1.0-alpha-9.jar:/Users/evaldez/.m2/repository/classworlds/classworlds/1.1-alpha-2/classworlds-1.1-alpha-2.jar:/Users/evaldez/.m2/repository/org/apache/maven/reporting/maven-reporting-api/3.0/maven-reporting-api-3.0.jar:/Users/evaldez/.m2/repository/org/apache/maven/doxia/doxia-sink-api/1.0/doxia-sink-api-1.0.jar:/Users/evaldez/.m2/repository/org/jacoco/org.jacoco.agent/0.8.8/org.jacoco.agent-0.8.8-runtime.jar:/Users/evaldez/.m2/repository/org/jacoco/org.jacoco.core/0.8.8/org.jacoco.core-0.8.8.jar:/Users/evaldez/.m2/repository/org/ow2/asm/asm/9.2/asm-9.2.jar:/Users/evaldez/.m2/repository/org/ow2/asm/asm-commons/9.2/asm-commons-9.2.jar:/Users/evaldez/.m2/repository/org/ow2/asm/asm-analysis/9.2/asm-analysis-9.2.jar:/Users/evaldez/.m2/repository/org/ow2/asm/asm-tree/9.2/asm-tree-9.2.jar:/Users/evaldez/.m2/repository/org/jacoco/org.jacoco.report/0.8.8/org.jacoco.report-0.8.8.jar:/Users/evaldez/.m2/repository/io/cucumber/cucumber-java/7.11.0/cucumber-java-7.11.0.jar:/Users/evaldez/.m2/repository/io/cucumber/cucumber-junit/7.11.0/cucumber-junit-7.11.0.jar:/Users/evaldez/.m2/repository/io/cucumber/cucumber-jvm-deps/1.0.6/cucumber-jvm-deps-1.0.6.jar:/Users/evaldez/.m2/repository/org/hamcrest/hamcrest/2.2/hamcrest-2.2.jar:/Users/evaldez/.m2/repository/org/hamcrest/hamcrest-core/1.3/hamcrest-core-1.3.jar:/Users/evaldez/.m2/repository/io/cucumber/gherkin/26.0.3/gherkin-26.0.3.jar:/Users/evaldez/.m2/repository/org/seleniumhq/selenium/selenium-java/4.7.2/selenium-java-4.7.2.jar:/Users/evaldez/.m2/repository/org/seleniumhq/selenium/selenium-api/4.7.2/selenium-api-4.7.2.jar:/Users/evaldez/.m2/repository/org/seleniumhq/selenium/selenium-chrome-driver/4.7.2/selenium-chrome-driver-4.7.2.jar:/Users/evaldez/.m2/repository/com/google/auto/service/auto-service-annotations/1.0.1/auto-service-annotations-1.0.1.jar:/Users/evaldez/.m2/repository/com/google/auto/service/auto-service/1.0.1/auto-service-1.0.1.jar:/Users/evaldez/.m2/repository/com/google/auto/auto-common/1.2/auto-common-1.2.jar:/Users/evaldez/.m2/repository/com/google/guava/guava/31.1-jre/guava-31.1-jre.jar:/Users/evaldez/.m2/repository/com/google/guava/failureaccess/1.0.1/failureaccess-1.0.1.jar:/Users/evaldez/.m2/repository/com/google/guava/listenablefuture/9999.0-empty-to-avoid-conflict-with-guava/listenablefuture-9999.0-empty-to-avoid-conflict-with-guava.jar:/Users/evaldez/.m2/repository/com/google/code/findbugs/jsr305/3.0.2/jsr305-3.0.2.jar:/Users/evaldez/.m2/repository/org/checkerframework/checker-qual/3.12.0/checker-qual-3.12.0.jar:/Users/evaldez/.m2/repository/com/google/errorprone/error_prone_annotations/2.11.0/error_prone_annotations-2.11.0.jar:/Users/evaldez/.m2/repository/com/google/j2objc/j2objc-annotations/1.3/j2objc-annotations-1.3.jar:/Users/evaldez/.m2/repository/org/seleniumhq/selenium/selenium-chromium-driver/4.7.2/selenium-chromium-driver-4.7.2.jar:/Users/evaldez/.m2/repository/org/seleniumhq/selenium/selenium-json/4.7.2/selenium-json-4.7.2.jar:/Users/evaldez/.m2/repository/org/seleniumhq/selenium/selenium-devtools-v106/4.7.2/selenium-devtools-v106-4.7.2.jar:/Users/evaldez/.m2/repository/org/seleniumhq/selenium/selenium-devtools-v107/4.7.2/selenium-devtools-v107-4.7.2.jar:/Users/evaldez/.m2/repository/org/seleniumhq/selenium/selenium-devtools-v108/4.7.2/selenium-devtools-v108-4.7.2.jar:/Users/evaldez/.m2/repository/org/seleniumhq/selenium/selenium-devtools-v85/4.7.2/selenium-devtools-v85-4.7.2.jar:/Users/evaldez/.m2/repository/org/seleniumhq/selenium/selenium-edge-driver/4.7.2/selenium-edge-driver-4.7.2.jar:/Users/evaldez/.m2/repository/org/seleniumhq/selenium/selenium-firefox-driver/4.7.2/selenium-firefox-driver-4.7.2.jar:/Users/evaldez/.m2/repository/org/seleniumhq/selenium/selenium-http/4.7.2/selenium-http-4.7.2.jar:/Users/evaldez/.m2/repository/dev/failsafe/failsafe/3.3.0/failsafe-3.3.0.jar:/Users/evaldez/.m2/repository/org/seleniumhq/selenium/selenium-ie-driver/4.7.2/selenium-ie-driver-4.7.2.jar:/Users/evaldez/.m2/repository/org/seleniumhq/selenium/selenium-remote-driver/4.7.2/selenium-remote-driver-4.7.2.jar:/Users/evaldez/.m2/repository/com/beust/jcommander/1.82/jcommander-1.82.jar:/Users/evaldez/.m2/repository/io/netty/netty-buffer/4.1.84.Final/netty-buffer-4.1.84.Final.jar:/Users/evaldez/.m2/repository/io/netty/netty-codec-http/4.1.84.Final/netty-codec-http-4.1.84.Final.jar:/Users/evaldez/.m2/repository/io/netty/netty-codec/4.1.84.Final/netty-codec-4.1.84.Final.jar:/Users/evaldez/.m2/repository/io/netty/netty-handler/4.1.84.Final/netty-handler-4.1.84.Final.jar:/Users/evaldez/.m2/repository/io/netty/netty-common/4.1.84.Final/netty-common-4.1.84.Final.jar:/Users/evaldez/.m2/repository/io/netty/netty-transport-classes-epoll/4.1.84.Final/netty-transport-classes-epoll-4.1.84.Final.jar:/Users/evaldez/.m2/repository/io/netty/netty-transport-classes-kqueue/4.1.84.Final/netty-transport-classes-kqueue-4.1.84.Final.jar:/Users/evaldez/.m2/repository/io/netty/netty-transport-native-epoll/4.1.84.Final/netty-transport-native-epoll-4.1.84.Final.jar:/Users/evaldez/.m2/repository/io/netty/netty-transport-native-kqueue/4.1.84.Final/netty-transport-native-kqueue-4.1.84.Final.jar:/Users/evaldez/.m2/repository/io/netty/netty-transport-native-unix-common/4.1.84.Final/netty-transport-native-unix-common-4.1.84.Final.jar:/Users/evaldez/.m2/repository/io/netty/netty-transport/4.1.84.Final/netty-transport-4.1.84.Final.jar:/Users/evaldez/.m2/repository/io/netty/netty-resolver/4.1.84.Final/netty-resolver-4.1.84.Final.jar:/Users/evaldez/.m2/repository/io/opentelemetry/opentelemetry-api/1.19.0/opentelemetry-api-1.19.0.jar:/Users/evaldez/.m2/repository/io/opentelemetry/opentelemetry-context/1.19.0/opentelemetry-context-1.19.0.jar:/Users/evaldez/.m2/repository/io/opentelemetry/opentelemetry-exporter-logging/1.19.0/opentelemetry-exporter-logging-1.19.0.jar:/Users/evaldez/.m2/repository/io/opentelemetry/opentelemetry-sdk-metrics/1.19.0/opentelemetry-sdk-metrics-1.19.0.jar:/Users/evaldez/.m2/repository/io/opentelemetry/opentelemetry-sdk-logs/1.19.0-alpha/opentelemetry-sdk-logs-1.19.0-alpha.jar:/Users/evaldez/.m2/repository/io/opentelemetry/opentelemetry-api-logs/1.19.0-alpha/opentelemetry-api-logs-1.19.0-alpha.jar:/Users/evaldez/.m2/repository/io/opentelemetry/opentelemetry-sdk-common/1.19.0/opentelemetry-sdk-common-1.19.0.jar:/Users/evaldez/.m2/repository/io/opentelemetry/opentelemetry-sdk-extension-autoconfigure-spi/1.19.0/opentelemetry-sdk-extension-autoconfigure-spi-1.19.0.jar:/Users/evaldez/.m2/repository/io/opentelemetry/opentelemetry-sdk-extension-autoconfigure/1.19.0-alpha/opentelemetry-sdk-extension-autoconfigure-1.19.0-alpha.jar:/Users/evaldez/.m2/repository/io/opentelemetry/opentelemetry-exporter-common/1.19.0/opentelemetry-exporter-common-1.19.0.jar:/Users/evaldez/.m2/repository/io/opentelemetry/opentelemetry-sdk-trace/1.19.0/opentelemetry-sdk-trace-1.19.0.jar:/Users/evaldez/.m2/repository/io/opentelemetry/opentelemetry-sdk/1.19.0/opentelemetry-sdk-1.19.0.jar:/Users/evaldez/.m2/repository/io/opentelemetry/opentelemetry-semconv/1.19.0-alpha/opentelemetry-semconv-1.19.0-alpha.jar:/Users/evaldez/.m2/repository/io/ous/jtoml/2.0.0/jtoml-2.0.0.jar:/Users/evaldez/.m2/repository/net/bytebuddy/byte-buddy/1.12.18/byte-buddy-1.12.18.jar:/Users/evaldez/.m2/repository/org/apache/commons/commons-exec/1.3/commons-exec-1.3.jar:/Users/evaldez/.m2/repository/org/asynchttpclient/async-http-client/2.12.3/async-http-client-2.12.3.jar:/Users/evaldez/.m2/repository/org/asynchttpclient/async-http-client-netty-utils/2.12.3/async-http-client-netty-utils-2.12.3.jar:/Users/evaldez/.m2/repository/io/netty/netty-codec-socks/4.1.60.Final/netty-codec-socks-4.1.60.Final.jar:/Users/evaldez/.m2/repository/io/netty/netty-handler-proxy/4.1.60.Final/netty-handler-proxy-4.1.60.Final.jar:/Users/evaldez/.m2/repository/io/netty/netty-transport-native-epoll/4.1.60.Final/netty-transport-native-epoll-4.1.60.Final-linux-x86_64.jar:/Users/evaldez/.m2/repository/io/netty/netty-transport-native-kqueue/4.1.60.Final/netty-transport-native-kqueue-4.1.60.Final-osx-x86_64.jar:/Users/evaldez/.m2/repository/org/reactivestreams/reactive-streams/1.0.3/reactive-streams-1.0.3.jar:/Users/evaldez/.m2/repository/com/typesafe/netty/netty-reactive-streams/2.0.4/netty-reactive-streams-2.0.4.jar:/Users/evaldez/.m2/repository/com/sun/activation/jakarta.activation/1.2.2/jakarta.activation-1.2.2.jar:/Users/evaldez/.m2/repository/org/seleniumhq/selenium/selenium-manager/4.7.2/selenium-manager-4.7.2.jar:/Users/evaldez/.m2/repository/org/seleniumhq/selenium/selenium-safari-driver/4.7.2/selenium-safari-driver-4.7.2.jar:/Users/evaldez/.m2/repository/org/seleniumhq/selenium/selenium-support/4.7.2/selenium-support-4.7.2.jar:/Users/evaldez/.m2/repository/org/junit/jupiter/junit-jupiter-api/5.9.1/junit-jupiter-api-5.9.1.jar:/Users/evaldez/.m2/repository/org/opentest4j/opentest4j/1.2.0/opentest4j-1.2.0.jar:/Users/evaldez/.m2/repository/org/junit/platform/junit-platform-commons/1.9.1/junit-platform-commons-1.9.1.jar:/Users/evaldez/.m2/repository/junit/junit/4.13/junit-4.13.jar:/Users/evaldez/.m2/repository/io/github/bonigarcia/webdrivermanager/4.4.3/webdrivermanager-4.4.3.jar:/Users/evaldez/.m2/repository/org/slf4j/slf4j-api/1.7.30/slf4j-api-1.7.30.jar:/Users/evaldez/.m2/repository/commons-io/commons-io/2.8.0/commons-io-2.8.0.jar:/Users/evaldez/.m2/repository/com/google/code/gson/gson/2.8.6/gson-2.8.6.jar:/Users/evaldez/.m2/repository/org/apache/commons/commons-lang3/3.12.0/commons-lang3-3.12.0.jar:/Users/evaldez/.m2/repository/org/apache/httpcomponents/client5/httpclient5/5.0.3/httpclient5-5.0.3.jar:/Users/evaldez/.m2/repository/org/apache/httpcomponents/core5/httpcore5/5.0.2/httpcore5-5.0.2.jar:/Users/evaldez/.m2/repository/org/apache/httpcomponents/core5/httpcore5-h2/5.0.2/httpcore5-h2-5.0.2.jar:/Users/evaldez/.m2/repository/commons-codec/commons-codec/1.13/commons-codec-1.13.jar:/Users/evaldez/.m2/repository/org/rauschig/jarchivelib/1.1.0/jarchivelib-1.1.0.jar:/Users/evaldez/.m2/repository/org/apache/commons/commons-compress/1.20/commons-compress-1.20.jar:/Users/evaldez/.m2/repository/org/jsoup/jsoup/1.13.1/jsoup-1.13.1.jar:"/>
    <property name="java.vm.vendor" value="Homebrew"/>
    <property name="sun.arch.data.model" value="64"/>
    <property name="java.vendor.url" value="https://github.com/Homebrew/homebrew-core/issues"/>
    <property name="os.name" value="Mac OS X"/>
    <property name="java.vm.specification.version" value="19"/>
    <property name="sun.java.launcher" value="SUN_STANDARD"/>
    <property name="user.country" value="PH"/>
    <property name="sun.boot.library.path" value="/opt/homebrew/Cellar/openjdk/19.0.2/libexec/openjdk.jdk/Contents/Home/lib"/>
    <property name="sun.java.command" value="/Users/evaldez/Documents/TestAutomation/Java/testing/target/surefire/surefirebooter12370866359949634720.jar /Users/evaldez/Documents/TestAutomation/Java/testing/target/surefire 2023-01-30T16-03-02_168-jvmRun1 surefire2254618800285765035tmp surefire_0923254659145026808tmp"/>
    <property name="http.nonProxyHosts" value="local|*.local|169.254/16|*.169.254/16"/>
    <property name="jdk.debug" value="release"/>
    <property name="surefire.test.class.path" value="/Users/evaldez/Documents/TestAutomation/Java/testing/target/test-classes:/Users/evaldez/Documents/TestAutomation/Java/testing/target/classes:/Users/evaldez/.m2/repository/io/cucumber/cucumber-core/7.11.0/cucumber-core-7.11.0.jar:/Users/evaldez/.m2/repository/io/cucumber/cucumber-gherkin/7.11.0/cucumber-gherkin-7.11.0.jar:/Users/evaldez/.m2/repository/io/cucumber/cucumber-gherkin-messages/7.11.0/cucumber-gherkin-messages-7.11.0.jar:/Users/evaldez/.m2/repository/io/cucumber/messages/21.0.1/messages-21.0.1.jar:/Users/evaldez/.m2/repository/io/cucumber/tag-expressions/5.0.1/tag-expressions-5.0.1.jar:/Users/evaldez/.m2/repository/io/cucumber/cucumber-expressions/16.1.1/cucumber-expressions-16.1.1.jar:/Users/evaldez/.m2/repository/io/cucumber/datatable/7.11.0/datatable-7.11.0.jar:/Users/evaldez/.m2/repository/io/cucumber/cucumber-plugin/7.11.0/cucumber-plugin-7.11.0.jar:/Users/evaldez/.m2/repository/io/cucumber/docstring/7.11.0/docstring-7.11.0.jar:/Users/evaldez/.m2/repository/io/cucumber/html-formatter/20.2.1/html-formatter-20.2.1.jar:/Users/evaldez/.m2/repository/io/cucumber/junit-xml-formatter/0.1.0/junit-xml-formatter-0.1.0.jar:/Users/evaldez/.m2/repository/io/cucumber/ci-environment/9.1.0/ci-environment-9.1.0.jar:/Users/evaldez/.m2/repository/org/apiguardian/apiguardian-api/1.1.2/apiguardian-api-1.1.2.jar:/Users/evaldez/.m2/repository/io/cucumber/cucumber-html/0.2.7/cucumber-html-0.2.7.jar:/Users/evaldez/.m2/repository/org/jacoco/jacoco-maven-plugin/0.8.8/jacoco-maven-plugin-0.8.8.jar:/Users/evaldez/.m2/repository/org/codehaus/plexus/plexus-utils/3.0.22/plexus-utils-3.0.22.jar:/Users/evaldez/.m2/repository/org/apache/maven/shared/file-management/1.2.1/file-management-1.2.1.jar:/Users/evaldez/.m2/repository/org/apache/maven/maven-plugin-api/2.0.6/maven-plugin-api-2.0.6.jar:/Users/evaldez/.m2/repository/org/apache/maven/shared/maven-shared-io/1.1/maven-shared-io-1.1.jar:/Users/evaldez/.m2/repository/org/apache/maven/maven-artifact/2.0.2/maven-artifact-2.0.2.jar:/Users/evaldez/.m2/repository/org/apache/maven/maven-artifact-manager/2.0.2/maven-artifact-manager-2.0.2.jar:/Users/evaldez/.m2/repository/org/apache/maven/maven-repository-metadata/2.0.2/maven-repository-metadata-2.0.2.jar:/Users/evaldez/.m2/repository/org/apache/maven/wagon/wagon-provider-api/1.0-alpha-6/wagon-provider-api-1.0-alpha-6.jar:/Users/evaldez/.m2/repository/org/codehaus/plexus/plexus-container-default/1.0-alpha-9/plexus-container-default-1.0-alpha-9.jar:/Users/evaldez/.m2/repository/classworlds/classworlds/1.1-alpha-2/classworlds-1.1-alpha-2.jar:/Users/evaldez/.m2/repository/org/apache/maven/reporting/maven-reporting-api/3.0/maven-reporting-api-3.0.jar:/Users/evaldez/.m2/repository/org/apache/maven/doxia/doxia-sink-api/1.0/doxia-sink-api-1.0.jar:/Users/evaldez/.m2/repository/org/jacoco/org.jacoco.agent/0.8.8/org.jacoco.agent-0.8.8-runtime.jar:/Users/evaldez/.m2/repository/org/jacoco/org.jacoco.core/0.8.8/org.jacoco.core-0.8.8.jar:/Users/evaldez/.m2/repository/org/ow2/asm/asm/9.2/asm-9.2.jar:/Users/evaldez/.m2/repository/org/ow2/asm/asm-commons/9.2/asm-commons-9.2.jar:/Users/evaldez/.m2/repository/org/ow2/asm/asm-analysis/9.2/asm-analysis-9.2.jar:/Users/evaldez/.m2/repository/org/ow2/asm/asm-tree/9.2/asm-tree-9.2.jar:/Users/evaldez/.m2/repository/org/jacoco/org.jacoco.report/0.8.8/org.jacoco.report-0.8.8.jar:/Users/evaldez/.m2/repository/io/cucumber/cucumber-java/7.11.0/cucumber-java-7.11.0.jar:/Users/evaldez/.m2/repository/io/cucumber/cucumber-junit/7.11.0/cucumber-junit-7.11.0.jar:/Users/evaldez/.m2/repository/io/cucumber/cucumber-jvm-deps/1.0.6/cucumber-jvm-deps-1.0.6.jar:/Users/evaldez/.m2/repository/org/hamcrest/hamcrest/2.2/hamcrest-2.2.jar:/Users/evaldez/.m2/repository/org/hamcrest/hamcrest-core/1.3/hamcrest-core-1.3.jar:/Users/evaldez/.m2/repository/io/cucumber/gherkin/26.0.3/gherkin-26.0.3.jar:/Users/evaldez/.m2/repository/org/seleniumhq/selenium/selenium-java/4.7.2/selenium-java-4.7.2.jar:/Users/evaldez/.m2/repository/org/seleniumhq/selenium/selenium-api/4.7.2/selenium-api-4.7.2.jar:/Users/evaldez/.m2/repository/org/seleniumhq/selenium/selenium-chrome-driver/4.7.2/selenium-chrome-driver-4.7.2.jar:/Users/evaldez/.m2/repository/com/google/auto/service/auto-service-annotations/1.0.1/auto-service-annotations-1.0.1.jar:/Users/evaldez/.m2/repository/com/google/auto/service/auto-service/1.0.1/auto-service-1.0.1.jar:/Users/evaldez/.m2/repository/com/google/auto/auto-common/1.2/auto-common-1.2.jar:/Users/evaldez/.m2/repository/com/google/guava/guava/31.1-jre/guava-31.1-jre.jar:/Users/evaldez/.m2/repository/com/google/guava/failureaccess/1.0.1/failureaccess-1.0.1.jar:/Users/evaldez/.m2/repository/com/google/guava/listenablefuture/9999.0-empty-to-avoid-conflict-with-guava/listenablefuture-9999.0-empty-to-avoid-conflict-with-guava.jar:/Users/evaldez/.m2/repository/com/google/code/findbugs/jsr305/3.0.2/jsr305-3.0.2.jar:/Users/evaldez/.m2/repository/org/checkerframework/checker-qual/3.12.0/checker-qual-3.12.0.jar:/Users/evaldez/.m2/repository/com/google/errorprone/error_prone_annotations/2.11.0/error_prone_annotations-2.11.0.jar:/Users/evaldez/.m2/repository/com/google/j2objc/j2objc-annotations/1.3/j2objc-annotations-1.3.jar:/Users/evaldez/.m2/repository/org/seleniumhq/selenium/selenium-chromium-driver/4.7.2/selenium-chromium-driver-4.7.2.jar:/Users/evaldez/.m2/repository/org/seleniumhq/selenium/selenium-json/4.7.2/selenium-json-4.7.2.jar:/Users/evaldez/.m2/repository/org/seleniumhq/selenium/selenium-devtools-v106/4.7.2/selenium-devtools-v106-4.7.2.jar:/Users/evaldez/.m2/repository/org/seleniumhq/selenium/selenium-devtools-v107/4.7.2/selenium-devtools-v107-4.7.2.jar:/Users/evaldez/.m2/repository/org/seleniumhq/selenium/selenium-devtools-v108/4.7.2/selenium-devtools-v108-4.7.2.jar:/Users/evaldez/.m2/repository/org/seleniumhq/selenium/selenium-devtools-v85/4.7.2/selenium-devtools-v85-4.7.2.jar:/Users/evaldez/.m2/repository/org/seleniumhq/selenium/selenium-edge-driver/4.7.2/selenium-edge-driver-4.7.2.jar:/Users/evaldez/.m2/repository/org/seleniumhq/selenium/selenium-firefox-driver/4.7.2/selenium-firefox-driver-4.7.2.jar:/Users/evaldez/.m2/repository/org/seleniumhq/selenium/selenium-http/4.7.2/selenium-http-4.7.2.jar:/Users/evaldez/.m2/repository/dev/failsafe/failsafe/3.3.0/failsafe-3.3.0.jar:/Users/evaldez/.m2/repository/org/seleniumhq/selenium/selenium-ie-driver/4.7.2/selenium-ie-driver-4.7.2.jar:/Users/evaldez/.m2/repository/org/seleniumhq/selenium/selenium-remote-driver/4.7.2/selenium-remote-driver-4.7.2.jar:/Users/evaldez/.m2/repository/com/beust/jcommander/1.82/jcommander-1.82.jar:/Users/evaldez/.m2/repository/io/netty/netty-buffer/4.1.84.Final/netty-buffer-4.1.84.Final.jar:/Users/evaldez/.m2/repository/io/netty/netty-codec-http/4.1.84.Final/netty-codec-http-4.1.84.Final.jar:/Users/evaldez/.m2/repository/io/netty/netty-codec/4.1.84.Final/netty-codec-4.1.84.Final.jar:/Users/evaldez/.m2/repository/io/netty/netty-handler/4.1.84.Final/netty-handler-4.1.84.Final.jar:/Users/evaldez/.m2/repository/io/netty/netty-common/4.1.84.Final/netty-common-4.1.84.Final.jar:/Users/evaldez/.m2/repository/io/netty/netty-transport-classes-epoll/4.1.84.Final/netty-transport-classes-epoll-4.1.84.Final.jar:/Users/evaldez/.m2/repository/io/netty/netty-transport-classes-kqueue/4.1.84.Final/netty-transport-classes-kqueue-4.1.84.Final.jar:/Users/evaldez/.m2/repository/io/netty/netty-transport-native-epoll/4.1.84.Final/netty-transport-native-epoll-4.1.84.Final.jar:/Users/evaldez/.m2/repository/io/netty/netty-transport-native-kqueue/4.1.84.Final/netty-transport-native-kqueue-4.1.84.Final.jar:/Users/evaldez/.m2/repository/io/netty/netty-transport-native-unix-common/4.1.84.Final/netty-transport-native-unix-common-4.1.84.Final.jar:/Users/evaldez/.m2/repository/io/netty/netty-transport/4.1.84.Final/netty-transport-4.1.84.Final.jar:/Users/evaldez/.m2/repository/io/netty/netty-resolver/4.1.84.Final/netty-resolver-4.1.84.Final.jar:/Users/evaldez/.m2/repository/io/opentelemetry/opentelemetry-api/1.19.0/opentelemetry-api-1.19.0.jar:/Users/evaldez/.m2/repository/io/opentelemetry/opentelemetry-context/1.19.0/opentelemetry-context-1.19.0.jar:/Users/evaldez/.m2/repository/io/opentelemetry/opentelemetry-exporter-logging/1.19.0/opentelemetry-exporter-logging-1.19.0.jar:/Users/evaldez/.m2/repository/io/opentelemetry/opentelemetry-sdk-metrics/1.19.0/opentelemetry-sdk-metrics-1.19.0.jar:/Users/evaldez/.m2/repository/io/opentelemetry/opentelemetry-sdk-logs/1.19.0-alpha/opentelemetry-sdk-logs-1.19.0-alpha.jar:/Users/evaldez/.m2/repository/io/opentelemetry/opentelemetry-api-logs/1.19.0-alpha/opentelemetry-api-logs-1.19.0-alpha.jar:/Users/evaldez/.m2/repository/io/opentelemetry/opentelemetry-sdk-common/1.19.0/opentelemetry-sdk-common-1.19.0.jar:/Users/evaldez/.m2/repository/io/opentelemetry/opentelemetry-sdk-extension-autoconfigure-spi/1.19.0/opentelemetry-sdk-extension-autoconfigure-spi-1.19.0.jar:/Users/evaldez/.m2/repository/io/opentelemetry/opentelemetry-sdk-extension-autoconfigure/1.19.0-alpha/opentelemetry-sdk-extension-autoconfigure-1.19.0-alpha.jar:/Users/evaldez/.m2/repository/io/opentelemetry/opentelemetry-exporter-common/1.19.0/opentelemetry-exporter-common-1.19.0.jar:/Users/evaldez/.m2/repository/io/opentelemetry/opentelemetry-sdk-trace/1.19.0/opentelemetry-sdk-trace-1.19.0.jar:/Users/evaldez/.m2/repository/io/opentelemetry/opentelemetry-sdk/1.19.0/opentelemetry-sdk-1.19.0.jar:/Users/evaldez/.m2/repository/io/opentelemetry/opentelemetry-semconv/1.19.0-alpha/opentelemetry-semconv-1.19.0-alpha.jar:/Users/evaldez/.m2/repository/io/ous/jtoml/2.0.0/jtoml-2.0.0.jar:/Users/evaldez/.m2/repository/net/bytebuddy/byte-buddy/1.12.18/byte-buddy-1.12.18.jar:/Users/evaldez/.m2/repository/org/apache/commons/commons-exec/1.3/commons-exec-1.3.jar:/Users/evaldez/.m2/repository/org/asynchttpclient/async-http-client/2.12.3/async-http-client-2.12.3.jar:/Users/evaldez/.m2/repository/org/asynchttpclient/async-http-client-netty-utils/2.12.3/async-http-client-netty-utils-2.12.3.jar:/Users/evaldez/.m2/repository/io/netty/netty-codec-socks/4.1.60.Final/netty-codec-socks-4.1.60.Final.jar:/Users/evaldez/.m2/repository/io/netty/netty-handler-proxy/4.1.60.Final/netty-handler-proxy-4.1.60.Final.jar:/Users/evaldez/.m2/repository/io/netty/netty-transport-native-epoll/4.1.60.Final/netty-transport-native-epoll-4.1.60.Final-linux-x86_64.jar:/Users/evaldez/.m2/repository/io/netty/netty-transport-native-kqueue/4.1.60.Final/netty-transport-native-kqueue-4.1.60.Final-osx-x86_64.jar:/Users/evaldez/.m2/repository/org/reactivestreams/reactive-streams/1.0.3/reactive-streams-1.0.3.jar:/Users/evaldez/.m2/repository/com/typesafe/netty/netty-reactive-streams/2.0.4/netty-reactive-streams-2.0.4.jar:/Users/evaldez/.m2/repository/com/sun/activation/jakarta.activation/1.2.2/jakarta.activation-1.2.2.jar:/Users/evaldez/.m2/repository/org/seleniumhq/selenium/selenium-manager/4.7.2/selenium-manager-4.7.2.jar:/Users/evaldez/.m2/repository/org/seleniumhq/selenium/selenium-safari-driver/4.7.2/selenium-safari-driver-4.7.2.jar:/Users/evaldez/.m2/repository/org/seleniumhq/selenium/selenium-support/4.7.2/selenium-support-4.7.2.jar:/Users/evaldez/.m2/repository/org/junit/jupiter/junit-jupiter-api/5.9.1/junit-jupiter-api-5.9.1.jar:/Users/evaldez/.m2/repository/org/opentest4j/opentest4j/1.2.0/opentest4j-1.2.0.jar:/Users/evaldez/.m2/repository/org/junit/platform/junit-platform-commons/1.9.1/junit-platform-commons-1.9.1.jar:/Users/evaldez/.m2/repository/junit/junit/4.13/junit-4.13.jar:/Users/evaldez/.m2/repository/io/github/bonigarcia/webdrivermanager/4.4.3/webdrivermanager-4.4.3.jar:/Users/evaldez/.m2/repository/org/slf4j/slf4j-api/1.7.30/slf4j-api-1.7.30.jar:/Users/evaldez/.m2/repository/commons-io/commons-io/2.8.0/commons-io-2.8.0.jar:/Users/evaldez/.m2/repository/com/google/code/gson/gson/2.8.6/gson-2.8.6.jar:/Users/evaldez/.m2/repository/org/apache/commons/commons-lang3/3.12.0/commons-lang3-3.12.0.jar:/Users/evaldez/.m2/repository/org/apache/httpcomponents/client5/httpclient5/5.0.3/httpclient5-5.0.3.jar:/Users/evaldez/.m2/repository/org/apache/httpcomponents/core5/httpcore5/5.0.2/httpcore5-5.0.2.jar:/Users/evaldez/.m2/repository/org/apache/httpcomponents/core5/httpcore5-h2/5.0.2/httpcore5-h2-5.0.2.jar:/Users/evaldez/.m2/repository/commons-codec/commons-codec/1.13/commons-codec-1.13.jar:/Users/evaldez/.m2/repository/org/rauschig/jarchivelib/1.1.0/jarchivelib-1.1.0.jar:/Users/evaldez/.m2/repository/org/apache/commons/commons-compress/1.20/commons-compress-1.20.jar:/Users/evaldez/.m2/repository/org/jsoup/jsoup/1.13.1/jsoup-1.13.1.jar:"/>
    <property name="sun.cpu.endian" value="little"/>
    <property name="user.home" value="/Users/evaldez"/>
    <property name="user.language" value="en"/>
    <property name="java.specification.vendor" value="Oracle Corporation"/>
    <property name="java.version.date" value="2023-01-17"/>
    <property name="java.home" value="/opt/homebrew/Cellar/openjdk/19.0.2/libexec/openjdk.jdk/Contents/Home"/>
    <property name="file.separator" value="/"/>
    <property name="basedir" value="/Users/evaldez/Documents/TestAutomation/Java/testing"/>
    <property name="java.vm.compressedOopsMode" value="Zero based"/>
    <property name="line.separator" value="&#10;"/>
    <property name="java.vm.specification.vendor" value="Oracle Corporation"/>
    <property name="java.specification.name" value="Java Platform API Specification"/>
    <property name="apple.awt.application.name" value="ForkedBooter"/>
    <property name="surefire.real.class.path" value="/Users/evaldez/Documents/TestAutomation/Java/testing/target/surefire/surefirebooter12370866359949634720.jar"/>
    <property name="sun.management.compiler" value="HotSpot 64-Bit Tiered Compilers"/>
    <property name="ftp.nonProxyHosts" value="local|*.local|169.254/16|*.169.254/16"/>
    <property name="java.runtime.version" value="19.0.2"/>
    <property name="user.name" value="evaldez"/>
    <property name="stdout.encoding" value="US-ASCII"/>
    <property name="path.separator" value=":"/>
    <property name="os.version" value="12.5.1"/>
    <property name="java.runtime.name" value="OpenJDK Runtime Environment"/>
    <property name="file.encoding" value="UTF-8"/>
    <property name="java.vm.name" value="OpenJDK 64-Bit Server VM"/>
    <property name="java.vendor.version" value="Homebrew"/>
    <property name="localRepository" value="/Users/evaldez/.m2/repository"/>
    <property name="java.vendor.url.bug" value="https://github.com/Homebrew/homebrew-core/issues"/>
    <property name="java.io.tmpdir" value="/var/folders/hg/d8_bz3cx2zg4_m0xj09xysvm0000gp/T/"/>
    <property name="java.version" value="19.0.2"/>
    <property name="user.dir" value="/Users/evaldez/Documents/TestAutomation/Java/testing"/>
    <property name="os.arch" value="aarch64"/>
    <property name="java.vm.specification.name" value="Java Virtual Machine Specification"/>
    <property name="native.encoding" value="US-ASCII"/>
    <property name="java.library.path" value="/Users/evaldez/Library/Java/Extensions:/Library/Java/Extensions:/Network/Library/Java/Extensions:/System/Library/Java/Extensions:/usr/lib/java:."/>
    <property name="java.vm.info" value="mixed mode, sharing"/>
    <property name="stderr.encoding" value="US-ASCII"/>
    <property name="java.vendor" value="Homebrew"/>
    <property name="java.vm.version" value="19.0.2"/>
    <property name="sun.io.unicode.encoding" value="UnicodeBig"/>
    <property name="socksNonProxyHosts" value="local|*.local|169.254/16|*.169.254/16"/>
    <property name="java.class.version" value="63.0"/>
  </properties>
  <testcase name="Should be able to add an item" classname="Add to Cart functionality" time="3.006"/>
  <testcase name="Should be able to login via Customer" classname="Bank site should be working" time="3.429"/>
  <testcase name="Should be able to add customer" classname="Bank site should be working" time="2.638"/>
  <testcase name="Should be able to open account" classname="Bank site should be working" time="3.341"/>
  <testcase name="Should be able to deposit amount" classname="Bank site should be working" time="2.777"/>
  <testcase name="Should be able to withdraw amount less than balance" classname="Bank site should be working" time="2.835"/>
  <testcase name="Should not be able to withdraw amount more than balance" classname="Bank site should be working" time="2.788"/>
  <testcase name="Should be able to logout" classname="Bank site should be working" time="2.516"/>
  <testcase name="Should be able to refresh page" classname="Google Search" time="2.142"/>
  <testcase name="Should be able to search Test Automation" classname="Google Search" time="4.118"/>
  <testcase name="Should be able to fail test" classname="Google Search" time="4.044">
    <failure message="expected:&lt;Test Automation[s] - Google Search&gt; but was:&lt;Test Automation[] - Google Search&gt;" type="org.junit.ComparisonFailure"><![CDATA[org.junit.ComparisonFailure: expected:<Test Automation[s] - Google Search> but was:<Test Automation[] - Google Search>
]]></failure>
    <system-out><![CDATA[
@Failed
Scenario: Should be able to fail test                              # src/main/feature/GoogleSearch.feature:16
  Given User is in Google site                                     # stepDefinitions.SearchPage.user_is_in_google_site()
  When User inputs "Test Automation"                               # stepDefinitions.SearchPage.user_inputs(java.lang.String)
  And User hit enter                                               # stepDefinitions.SearchPage.user_hit_enter()
  Then Page will be redirected to "Test Automations" Google Search # stepDefinitions.SearchPage.page_will_be_redirected_to_google_search(java.lang.String)
      org.junit.ComparisonFailure: expected:<Test Automation[s] - Google Search> but was:<Test Automation[] - Google Search>
	at org.junit.Assert.assertEquals(Assert.java:117)
	at org.junit.Assert.assertEquals(Assert.java:146)
	at stepDefinitions.SearchPage.page_will_be_redirected_to_google_search(SearchPage.java:57)
	at ✽.Page will be redirected to "Test Automations" Google Search(file:///Users/evaldez/Documents/TestAutomation/Java/testing/src/main/feature/GoogleSearch.feature:20)

  And User closes browser                                          # stepDefinitions.SearchPage.user_closes_browser()
]]></system-out>
    <system-err><![CDATA[Starting ChromeDriver 109.0.5414.74 (e7c5703604daa9cc128ccf5a5d3e993513758913-refs/branch-heads/5414@{#1172}) on port 45147
Only local connections are allowed.
Please see https://chromedriver.chromium.org/security-considerations for suggestions on keeping ChromeDriver safe.
ChromeDriver was started successfully.
Jan 30, 2023 4:03:33 PM org.openqa.selenium.devtools.CdpVersionFinder findNearestMatch
WARNING: Unable to find an exact match for CDP version 109, so returning the closest version found: 108
]]></system-err>
  </testcase>
  <testcase name="Should be able to search Cucumber" classname="Google Search" time="4.534"/>
  <testcase name="Should be able to login successfully" classname="Login Functionality" time="1.866"/>
  <testcase name="Should not be able to login using locked user" classname="Login Functionality" time="2.135"/>
  <testcase name="Should not be able to login using invalid username" classname="Login Functionality" time="1.838"/>
  <testcase name="Should not be able to login using invalid password" classname="Login Functionality" time="2.054"/>
  <testcase name="Should fail test" classname="Login Functionality" time="7.534">
    <error message="Expected condition failed: waiting for visibility of element located by By.xpath: //span[@class=&apos;title&apos;] (tried for 5 second(s) with 500 milliseconds interval)&#10;Build info: version: &apos;4.7.2&apos;, revision: &apos;4d4020c3b7&apos;&#10;System info: os.name: &apos;Mac OS X&apos;, os.arch: &apos;aarch64&apos;, os.version: &apos;12.5.1&apos;, java.version: &apos;19.0.2&apos;&#10;Driver info: org.openqa.selenium.chrome.ChromeDriver&#10;Capabilities {acceptInsecureCerts: false, browserName: chrome, browserVersion: 109.0.5414.119, chrome: {chromedriverVersion: 109.0.5414.74 (e7c5703604da..., userDataDir: /var/folders/hg/d8_bz3cx2zg...}, goog:chromeOptions: {debuggerAddress: localhost:49635}, networkConnectionEnabled: false, pageLoadStrategy: normal, platformName: MAC, proxy: Proxy(), se:cdp: ws://localhost:49635/devtoo..., se:cdpVersion: 109.0.5414.119, setWindowRect: true, strictFileInteractability: false, timeouts: {implicit: 0, pageLoad: 300000, script: 30000}, unhandledPromptBehavior: dismiss and notify, webauthn:extension:credBlob: true, webauthn:extension:largeBlob: true, webauthn:virtualAuthenticators: true}&#10;Session ID: 9e0b57144a92a2100f1382f21ecd9d07" type="org.openqa.selenium.TimeoutException">org.openqa.selenium.TimeoutException: 
Expected condition failed: waiting for visibility of element located by By.xpath: //span[@class='title'] (tried for 5 second(s) with 500 milliseconds interval)
Build info: version: '4.7.2', revision: '4d4020c3b7'
System info: os.name: 'Mac OS X', os.arch: 'aarch64', os.version: '12.5.1', java.version: '19.0.2'
Driver info: org.openqa.selenium.chrome.ChromeDriver
Capabilities {acceptInsecureCerts: false, browserName: chrome, browserVersion: 109.0.5414.119, chrome: {chromedriverVersion: 109.0.5414.74 (e7c5703604da..., userDataDir: /var/folders/hg/d8_bz3cx2zg...}, goog:chromeOptions: {debuggerAddress: localhost:49635}, networkConnectionEnabled: false, pageLoadStrategy: normal, platformName: MAC, proxy: Proxy(), se:cdp: ws://localhost:49635/devtoo..., se:cdpVersion: 109.0.5414.119, setWindowRect: true, strictFileInteractability: false, timeouts: {implicit: 0, pageLoad: 300000, script: 30000}, unhandledPromptBehavior: dismiss and notify, webauthn:extension:credBlob: true, webauthn:extension:largeBlob: true, webauthn:virtualAuthenticators: true}
Session ID: 9e0b57144a92a2100f1382f21ecd9d07
</error>
    <system-out><![CDATA[
@Failed
Scenario: Should fail test                             # src/main/feature/Login.feature:32
  Given User navigate to Swag Labs site                # stepDefinitions.LoginPage.user_navigate_to_swag_labs_site()
  When User inputs "standard_user" and "secret_saucee" # stepDefinitions.LoginPage.user_inputs_username_and_password(java.lang.String,java.lang.String)
  Then User will be able to go to dashboard page       # stepDefinitions.LoginPage.user_will_be_able_to_go_to_dashboard_page()
      org.openqa.selenium.TimeoutException: Expected condition failed: waiting for visibility of element located by By.xpath: //span[@class='title'] (tried for 5 second(s) with 500 milliseconds interval)
Build info: version: '4.7.2', revision: '4d4020c3b7'
System info: os.name: 'Mac OS X', os.arch: 'aarch64', os.version: '12.5.1', java.version: '19.0.2'
Driver info: org.openqa.selenium.chrome.ChromeDriver
Capabilities {acceptInsecureCerts: false, browserName: chrome, browserVersion: 109.0.5414.119, chrome: {chromedriverVersion: 109.0.5414.74 (e7c5703604da..., userDataDir: /var/folders/hg/d8_bz3cx2zg...}, goog:chromeOptions: {debuggerAddress: localhost:49635}, networkConnectionEnabled: false, pageLoadStrategy: normal, platformName: MAC, proxy: Proxy(), se:cdp: ws://localhost:49635/devtoo..., se:cdpVersion: 109.0.5414.119, setWindowRect: true, strictFileInteractability: false, timeouts: {implicit: 0, pageLoad: 300000, script: 30000}, unhandledPromptBehavior: dismiss and notify, webauthn:extension:credBlob: true, webauthn:extension:largeBlob: true, webauthn:virtualAuthenticators: true}
Session ID: 9e0b57144a92a2100f1382f21ecd9d07
	at org.openqa.selenium.support.ui.WebDriverWait.timeoutException(WebDriverWait.java:87)
	at org.openqa.selenium.support.ui.FluentWait.until(FluentWait.java:231)
	at stepDefinitions.LoginPage.user_will_be_able_to_go_to_dashboard_page(LoginPage.java:37)
	at ✽.User will be able to go to dashboard page(file:///Users/evaldez/Documents/TestAutomation/Java/testing/src/main/feature/Login.feature:35)

  And User closes window                               # stepDefinitions.LoginPage.user_closes_window()
]]></system-out>
    <system-err><![CDATA[Starting ChromeDriver 109.0.5414.74 (e7c5703604daa9cc128ccf5a5d3e993513758913-refs/branch-heads/5414@{#1172}) on port 39311
Only local connections are allowed.
Please see https://chromedriver.chromium.org/security-considerations for suggestions on keeping ChromeDriver safe.
ChromeDriver was started successfully.
Jan 30, 2023 4:03:49 PM org.openqa.selenium.devtools.CdpVersionFinder findNearestMatch
WARNING: Unable to find an exact match for CDP version 109, so returning the closest version found: 108
]]></system-err>
  </testcase>
  <testcase name="Test will fail" classname="Sort Functionality" time="1.859">
    <failure type="java.lang.AssertionError">java.lang.AssertionError
</failure>
    <system-out><![CDATA[
@Failed
Scenario: Test will fail                        # src/main/feature/Sorting.feature:4
  Given User is login to site                   # stepDefinitions.Dashboard.user_is_login_to_site()
  When User select sort via "az"                # stepDefinitions.Dashboard.user_select_sort_via(java.lang.String)
  Then Items will be sorted in descending order # stepDefinitions.Dashboard.items_will_be_sorted_in_descending_order()
      java.lang.AssertionError
	at org.junit.Assert.fail(Assert.java:87)
	at org.junit.Assert.assertTrue(Assert.java:42)
	at org.junit.Assert.assertTrue(Assert.java:53)
	at stepDefinitions.Dashboard.items_will_be_sorted_in_descending_order(Dashboard.java:80)
	at ✽.Items will be sorted in descending order(file:///Users/evaldez/Documents/TestAutomation/Java/testing/src/main/feature/Sorting.feature:7)

]]></system-out>
    <system-err><![CDATA[Starting ChromeDriver 109.0.5414.74 (e7c5703604daa9cc128ccf5a5d3e993513758913-refs/branch-heads/5414@{#1172}) on port 8087
Only local connections are allowed.
Please see https://chromedriver.chromium.org/security-considerations for suggestions on keeping ChromeDriver safe.
ChromeDriver was started successfully.
Jan 30, 2023 4:03:57 PM org.openqa.selenium.devtools.CdpVersionFinder findNearestMatch
WARNING: Unable to find an exact match for CDP version 109, so returning the closest version found: 108
]]></system-err>
  </testcase>
  <testcase name="Should be able to sort in ascending order" classname="Sort Functionality" time="2.193"/>
  <testcase name="Should be able to sort in descending order" classname="Sort Functionality" time="1.896"/>
</testsuite>